[SPH] Category NOTES Tier 17: Amor De Verao
[SPH] Category CHORD Tier 15: Anisakis -somatic mutation type"Forza"-
[SPH] Category NOTES Tier 15: Around The Galaxy
[SPH] Category NOTES Tier 13: ATHER
[SPH] Category NOTES Tier 7: B4U(BEMANI FOR YOU MIX)
[SPA] Category CHORD Tier 3: Bahram Attack-猫叉Master Remix-
[SPH] Category PEAK Tier 19: Blind Justice ～Torn souls， Hurt Faiths ～
[SPH] Category SCRATCH Tier 13: CODE:0
[SPH] Category CHORD Tier 15: DEEP ROAR
[SPH] Category NOTES Tier 7: POLKAMANIA
[SPH] Category NOTES Tier 17: Raison d'etre～交差する宿命～
[SPH] Category CHORD Tier 0: Raspberry Potion (feat.あれたん & ぎゃるのしん☆)
[SPH] Category PEAK Tier 15: Rising in the Sun(original mix)
[SPH] Category NOTES Tier 15: State Of The Art
[SPH] Category NOTES Tier 12: THE SHINING POLARIS(kors k mix)
[SPH] Category NOTES Tier 0: Time Distortion pt.2(IIDX Edit)
[SPH] Category PEAK Tier 7: tripping contact(teranoid&MC Natsack Remix)
[SPH] Category NOTES Tier 13: TYPE MARS(G-Style Mix)
[SPH] Category NOTES Tier 13: Ubertreffen
[SPH] Category NOTES Tier 8: Usual Days-remix
[SPA] Category PEAK Tier 8: X-DEN
[SPH] Category NOTES Tier 13: Yellow Sketch(RX-Ver.S.P.L.)
[SPH] Category NOTES Tier 7: ZETA～素数の世界と超越者～
[SPH] Category NOTES Tier 8: もっと！モット！ときめき feat. 松下
[SPH] Category NOTES Tier 15: パラドキシカル・タイムリープトライアル(Short Ver.)
[SPA] Category SOF-LAN Tier 13: ピアノ協奏曲第１番”蠍火”
[SPH] Category NOTES Tier 15: 龍王の霊廟(Mausoleum Of The Primal Dragon)